GitHub/Android-Cookbook-Examples/CurrentMoodWidget/build/outputs/logs/manifest-merger-debug-report.txt
-- Merging decision tree log ---
manifest
ADDED from Android-Cookbook-Examples/CurrentMoodWidget/AndroidManifest.xml:2:1-23:12
	package
		ADDED from Android-Cookbook-Examples/CurrentMoodWidget/AndroidManifest.xml:3:7-53
	android:versionName
		ADDED from Android-Cookbook-Examples/CurrentMoodWidget/AndroidManifest.xml:5:7-32
		INJECTED from Android-Cookbook-Examples/CurrentMoodWidget/AndroidManifest.xml
		INJECTED from Android-Cookbook-Examples/CurrentMoodWidget/AndroidManifest.xml
	android:versionCode
		ADDED from Android-Cookbook-Examples/CurrentMoodWidget/AndroidManifest.xml:4:7-30
		INJECTED from Android-Cookbook-Examples/CurrentMoodWidget/AndroidManifest.xml
		INJECTED from Android-Cookbook-Examples/CurrentMoodWidget/AndroidManifest.xml
	xmlns:android
		ADDED from Android-Cookbook-Examples/CurrentMoodWidget/AndroidManifest.xml:2:11-69
application
ADDED from Android-Cookbook-Examples/CurrentMoodWidget/AndroidManifest.xml:6:5-21:19
MERGED from [com.android.support:appcompat-v7:26.0.0-alpha1] AndroidManifest.xml:29:5-20
MERGED from [com.android.support:support-v4:26.0.0-alpha1] AndroidManifest.xml:29:5-20
MERGED from [com.android.support:support-media-compat:26.0.0-alpha1] AndroidManifest.xml:29:5-20
MERGED from [com.android.support:support-fragment:26.0.0-alpha1] AndroidManifest.xml:29:5-20
MERGED from [com.android.support:support-core-ui:26.0.0-alpha1] AndroidManifest.xml:29:5-20
MERGED from [com.android.support:support-core-utils:26.0.0-alpha1] AndroidManifest.xml:29:5-20
MERGED from [com.android.support:animated-vector-drawable:26.0.0-alpha1] AndroidManifest.xml:26:5-20
MERGED from [com.android.support:support-vector-drawable:26.0.0-alpha1] AndroidManifest.xml:26:5-20
MERGED from [com.android.support:support-compat:26.0.0-alpha1] AndroidManifest.xml:29:5-20
	android:label
		ADDED from Android-Cookbook-Examples/CurrentMoodWidget/AndroidManifest.xml:6:54-86
	android:icon
		ADDED from Android-Cookbook-Examples/CurrentMoodWidget/AndroidManifest.xml:6:18-53
service#oreillymedia.cookbook.android.spikes.CurrentMoodService
ADDED from Android-Cookbook-Examples/CurrentMoodWidget/AndroidManifest.xml:7:6-8:16
	android:name
		ADDED from Android-Cookbook-Examples/CurrentMoodWidget/AndroidManifest.xml:7:15-49
receiver#oreillymedia.cookbook.android.spikes.CurrentMoodWidgetProvider
ADDED from Android-Cookbook-Examples/CurrentMoodWidget/AndroidManifest.xml:9:3-20:14
	android:name
		ADDED from Android-Cookbook-Examples/CurrentMoodWidget/AndroidManifest.xml:9:13-54
intent-filter#android.appwidget.action.APPWIDGET_UPDATE+android.intent.category.ALTERNATIVE+android.intent.category.DEFAULT
ADDED from Android-Cookbook-Examples/CurrentMoodWidget/AndroidManifest.xml:10:7-14:23
action#android.appwidget.action.APPWIDGET_UPDATE
ADDED from Android-Cookbook-Examples/CurrentMoodWidget/AndroidManifest.xml:11:11-78
	android:name
		ADDED from Android-Cookbook-Examples/CurrentMoodWidget/AndroidManifest.xml:11:19-75
category#android.intent.category.DEFAULT
ADDED from Android-Cookbook-Examples/CurrentMoodWidget/AndroidManifest.xml:12:11-79
	android:name
		ADDED from Android-Cookbook-Examples/CurrentMoodWidget/AndroidManifest.xml:12:21-67
category#android.intent.category.ALTERNATIVE
ADDED from Android-Cookbook-Examples/CurrentMoodWidget/AndroidManifest.xml:13:11-83
	android:name
		ADDED from Android-Cookbook-Examples/CurrentMoodWidget/AndroidManifest.xml:13:21-71
intent-filter#oreillymedia.cookbook.android.spikes.CurrentMoodService.MOODY
ADDED from Android-Cookbook-Examples/CurrentMoodWidget/AndroidManifest.xml:15:7-17:23
action#oreillymedia.cookbook.android.spikes.CurrentMoodService.MOODY
ADDED from Android-Cookbook-Examples/CurrentMoodWidget/AndroidManifest.xml:16:11-98
	android:name
		ADDED from Android-Cookbook-Examples/CurrentMoodWidget/AndroidManifest.xml:16:19-95
meta-data#android.appwidget.provider
ADDED from Android-Cookbook-Examples/CurrentMoodWidget/AndroidManifest.xml:18:7-19:63
	android:resource
		ADDED from Android-Cookbook-Examples/CurrentMoodWidget/AndroidManifest.xml:19:18-60
	android:name
		ADDED from Android-Cookbook-Examples/CurrentMoodWidget/AndroidManifest.xml:18:18-59
uses-sdk
ADDED from Android-Cookbook-Examples/CurrentMoodWidget/AndroidManifest.xml:22:5-43
MERGED from [com.android.support:appcompat-v7:26.0.0-alpha1] AndroidManifest.xml:21:5-23:78
MERGED from [com.android.support:support-v4:26.0.0-alpha1] AndroidManifest.xml:21:5-23:54
MERGED from [com.android.support:support-media-compat:26.0.0-alpha1] AndroidManifest.xml:21:5-23:63
MERGED from [com.android.support:support-fragment:26.0.0-alpha1] AndroidManifest.xml:21:5-23:60
MERGED from [com.android.support:support-core-ui:26.0.0-alpha1] AndroidManifest.xml:21:5-23:58
MERGED from [com.android.support:support-core-utils:26.0.0-alpha1] AndroidManifest.xml:21:5-23:61
MERGED from [com.android.support:animated-vector-drawable:26.0.0-alpha1] AndroidManifest.xml:20:5-44
MERGED from [com.android.support:support-vector-drawable:26.0.0-alpha1] AndroidManifest.xml:20:5-44
MERGED from [com.android.support:support-compat:26.0.0-alpha1] AndroidManifest.xml:21:5-23:58
	tools:overrideLibrary
		ADDED from [com.android.support:appcompat-v7:26.0.0-alpha1] AndroidManifest.xml:23:9-75
	android:targetSdkVersion
		INJECTED from Android-Cookbook-Examples/CurrentMoodWidget/AndroidManifest.xml
		INJECTED from Android-Cookbook-Examples/CurrentMoodWidget/AndroidManifest.xml
	android:minSdkVersion
		ADDED from Android-Cookbook-Examples/CurrentMoodWidget/AndroidManifest.xml:22:15-40
		INJECTED from Android-Cookbook-Examples/CurrentMoodWidget/AndroidManifest.xml
		INJECTED from Android-Cookbook-Examples/CurrentMoodWidget/AndroidManifest.xml
meta-data#android.support.VERSION
ADDED from [com.android.support:appcompat-v7:26.0.0-alpha1] AndroidManifest.xml:25:5-27:41
MERGED from [com.android.support:support-v4:26.0.0-alpha1] AndroidManifest.xml:25:5-27:41
MERGED from [com.android.support:support-media-compat:26.0.0-alpha1] AndroidManifest.xml:25:5-27:41
MERGED from [com.android.support:support-fragment:26.0.0-alpha1] AndroidManifest.xml:25:5-27:41
MERGED from [com.android.support:support-core-ui:26.0.0-alpha1] AndroidManifest.xml:25:5-27:41
MERGED from [com.android.support:support-core-utils:26.0.0-alpha1] AndroidManifest.xml:25:5-27:41
MERGED from [com.android.support:animated-vector-drawable:26.0.0-alpha1] AndroidManifest.xml:22:5-24:41
MERGED from [com.android.support:support-vector-drawable:26.0.0-alpha1] AndroidManifest.xml:22:5-24:41
MERGED from [com.android.support:support-compat:26.0.0-alpha1] AndroidManifest.xml:25:5-27:41
	android:value
		ADDED from [com.android.support:appcompat-v7:26.0.0-alpha1] AndroidManifest.xml:27:9-38
	android:name
		ADDED from [com.android.support:appcompat-v7:26.0.0-alpha1] AndroidManifest.xml:26:9-47